This is pdfTeX, Version 3.1415926-1.40.11 (TeX Live 2010) (format=pdflatex 2011.6.14)  10 MAR 2012 14:27
entering extended mode
 \write18 enabled.
 %&-line parsing enabled.
**JDFdissertation.tex
(./JDFdissertation.tex
LaTeX2e <2009/09/24>
Babel <v3.8l> and hyphenation patterns for english, dumylang, nohyphenation, ge
rman-x-2009-06-19, ngerman-x-2009-06-19, afrikaans, ancientgreek, ibycus, arabi
c, armenian, basque, bulgarian, catalan, pinyin, coptic, croatian, czech, danis
h, dutch, ukenglish, usenglishmax, esperanto, estonian, ethiopic, farsi, finnis
h, french, galician, german, ngerman, swissgerman, monogreek, greek, hungarian,
 icelandic, assamese, bengali, gujarati, hindi, kannada, malayalam, marathi, or
iya, panjabi, tamil, telugu, indonesian, interlingua, irish, italian, kurmanji,
 lao, latin, latvian, lithuanian, mongolian, mongolianlmc, bokmal, nynorsk, pol
ish, portuguese, romanian, russian, sanskrit, serbian, slovak, slovenian, spani
sh, swedish, turkish, turkmen, ukrainian, uppersorbian, welsh, loaded.
(./yalephd.cls
Document Class: yalephd 2000/03/15 Yale doctoral dissertation class
(/usr/local/texlive/2010/texmf-dist/tex/latex/base/book.cls
Document Class: book 2007/10/19 v1.4h Standard LaTeX document class
(/usr/local/texlive/2010/texmf-dist/tex/latex/base/bk12.clo
File: bk12.clo 2007/10/19 v1.4h Standard LaTeX file (size option)
)
\c@part=\count79
\c@chapter=\count80
\c@section=\count81
\c@subsection=\count82
\c@subsubsection=\count83
\c@paragraph=\count84
\c@subparagraph=\count85
\c@figure=\count86
\c@table=\count87
\abovecaptionskip=\skip41
\belowcaptionskip=\skip42
\bibindent=\dimen102
)
(/usr/local/texlive/2010/texmf-dist/tex/latex/setspace/setspace.sty
Package: setspace 2000/12/01 6.7 Contributed and Supported LaTeX2e package

Package: `setspace' 6.7 <2000/12/01>
)) (/usr/local/texlive/2010/texmf-dist/tex/latex/graphics/graphicx.sty
Package: graphicx 1999/02/16 v1.0f Enhanced LaTeX Graphics (DPC,SPQR)

(/usr/local/texlive/2010/texmf-dist/tex/latex/graphics/keyval.sty
Package: keyval 1999/03/16 v1.13 key=value parser (DPC)
\KV@toks@=\toks14
)
(/usr/local/texlive/2010/texmf-dist/tex/latex/graphics/graphics.sty
Package: graphics 2009/02/05 v1.0o Standard LaTeX Graphics (DPC,SPQR)

(/usr/local/texlive/2010/texmf-dist/tex/latex/graphics/trig.sty
Package: trig 1999/03/16 v1.09 sin cos tan (DPC)
)
(/usr/local/texlive/2010/texmf-dist/tex/latex/latexconfig/graphics.cfg
File: graphics.cfg 2010/04/23 v1.9 graphics configuration of TeX Live
)
Package graphics Info: Driver file: pdftex.def on input line 91.

(/usr/local/texlive/2010/texmf-dist/tex/latex/pdftex-def/pdftex.def
File: pdftex.def 2011/05/18 v0.06c Graphics/color for pdfTeX

(/usr/local/texlive/2010/texmf-dist/tex/generic/oberdiek/infwarerr.sty
Package: infwarerr 2010/04/08 v1.3 Providing info/warning/message (HO)
)
(/usr/local/texlive/2010/texmf-dist/tex/generic/oberdiek/ltxcmds.sty
Package: ltxcmds 2011/04/18 v1.20 LaTeX kernel commands for general use (HO)
)
\Gread@gobject=\count88
))
\Gin@req@height=\dimen103
\Gin@req@width=\dimen104
)
(/usr/local/texlive/2010/texmf-dist/tex/latex/amsmath/amsmath.sty
Package: amsmath 2000/07/18 v2.13 AMS math features
\@mathmargin=\skip43

For additional information on amsmath, use the `?' option.
(/usr/local/texlive/2010/texmf-dist/tex/latex/amsmath/amstext.sty
Package: amstext 2000/06/29 v2.01

(/usr/local/texlive/2010/texmf-dist/tex/latex/amsmath/amsgen.sty
File: amsgen.sty 1999/11/30 v2.0
\@emptytoks=\toks15
\ex@=\dimen105
))
(/usr/local/texlive/2010/texmf-dist/tex/latex/amsmath/amsbsy.sty
Package: amsbsy 1999/11/29 v1.2d
\pmbraise@=\dimen106
)
(/usr/local/texlive/2010/texmf-dist/tex/latex/amsmath/amsopn.sty
Package: amsopn 1999/12/14 v2.01 operator names
)
\inf@bad=\count89
LaTeX Info: Redefining \frac on input line 211.
\uproot@=\count90
\leftroot@=\count91
LaTeX Info: Redefining \overline on input line 307.
\classnum@=\count92
\DOTSCASE@=\count93
LaTeX Info: Redefining \ldots on input line 379.
LaTeX Info: Redefining \dots on input line 382.
LaTeX Info: Redefining \cdots on input line 467.
\Mathstrutbox@=\box26
\strutbox@=\box27
\big@size=\dimen107
LaTeX Font Info:    Redeclaring font encoding OML on input line 567.
LaTeX Font Info:    Redeclaring font encoding OMS on input line 568.
\macc@depth=\count94
\c@MaxMatrixCols=\count95
\dotsspace@=\muskip10
\c@parentequation=\count96
\dspbrk@lvl=\count97
\tag@help=\toks16
\row@=\count98
\column@=\count99
\maxfields@=\count100
\andhelp@=\toks17
\eqnshift@=\dimen108
\alignsep@=\dimen109
\tagshift@=\dimen110
\tagwidth@=\dimen111
\totwidth@=\dimen112
\lineht@=\dimen113
\@envbody=\toks18
\multlinegap=\skip44
\multlinetaggap=\skip45
\mathdisplay@stack=\toks19
LaTeX Info: Redefining \[ on input line 2666.
LaTeX Info: Redefining \] on input line 2667.
)
(/usr/local/texlive/2010/texmf-dist/tex/latex/subfig/subfig.sty
Package: subfig 2005/06/28 ver: 1.3 subfig package

(/usr/local/texlive/2010/texmf-dist/tex/latex/caption/caption.sty
Package: caption 2010/01/09 v3.1m Customizing captions (AR)

(/usr/local/texlive/2010/texmf-dist/tex/latex/caption/caption3.sty
Package: caption3 2010/01/14 v3.1m caption3 kernel (AR)
\captionmargin=\dimen114
\captionmargin@=\dimen115
\captionwidth=\dimen116
\caption@indent=\dimen117
\caption@parindent=\dimen118
\caption@hangindent=\dimen119
)
\c@ContinuedFloat=\count101
)
\c@KVtest=\count102
\sf@farskip=\skip46
\sf@captopadj=\dimen120
\sf@capskip=\skip47
\sf@nearskip=\skip48
\c@subfigure=\count103
\c@subfigure@save=\count104
\c@lofdepth=\count105
\c@subtable=\count106
\c@subtable@save=\count107
\c@lotdepth=\count108
\sf@top=\skip49
\sf@bottom=\skip50
)
(./JDFdissertation.aux)
\openout1 = `JDFdissertation.aux'.

LaTeX Font Info:    Checking defaults for OML/cmm/m/it on input line 8.
LaTeX Font Info:    ... okay on input line 8.
LaTeX Font Info:    Checking defaults for T1/cmr/m/n on input line 8.
LaTeX Font Info:    ... okay on input line 8.
LaTeX Font Info:    Checking defaults for OT1/cmr/m/n on input line 8.
LaTeX Font Info:    ... okay on input line 8.
LaTeX Font Info:    Checking defaults for OMS/cmsy/m/n on input line 8.
LaTeX Font Info:    ... okay on input line 8.
LaTeX Font Info:    Checking defaults for OMX/cmex/m/n on input line 8.
LaTeX Font Info:    ... okay on input line 8.
LaTeX Font Info:    Checking defaults for U/cmr/m/n on input line 8.
LaTeX Font Info:    ... okay on input line 8.

(/usr/local/texlive/2010/texmf-dist/tex/context/base/supp-pdf.mkii
[Loading MPS to PDF converter (version 2006.09.02).]
\scratchcounter=\count109
\scratchdimen=\dimen121
\scratchbox=\box28
\nofMPsegments=\count110
\nofMParguments=\count111
\everyMPshowfont=\toks20
\MPscratchCnt=\count112
\MPscratchDim=\dimen122
\MPnumerator=\count113
\everyMPtoPDFconversion=\toks21
) (/usr/local/texlive/2010/texmf-dist/tex/generic/oberdiek/pdftexcmds.sty
Package: pdftexcmds 2011/04/22 v0.16 Utilities of pdfTeX for LuaTeX (HO)

(/usr/local/texlive/2010/texmf-dist/tex/generic/oberdiek/ifluatex.sty
Package: ifluatex 2010/03/01 v1.3 Provides the ifluatex switch (HO)
Package ifluatex Info: LuaTeX not detected.
)
(/usr/local/texlive/2010/texmf-dist/tex/generic/oberdiek/ifpdf.sty
Package: ifpdf 2011/01/30 v2.3 Provides the ifpdf switch (HO)
Package ifpdf Info: pdfTeX in PDF mode is detected.
)
Package pdftexcmds Info: LuaTeX not detected.
Package pdftexcmds Info: \pdf@primitive is available.
Package pdftexcmds Info: \pdf@ifprimitive is available.
Package pdftexcmds Info: \pdfdraftmode found.
)
(/usr/local/texlive/2010/texmf-dist/tex/latex/oberdiek/epstopdf-base.sty
Package: epstopdf-base 2010/02/09 v2.5 Base part for package epstopdf

(/usr/local/texlive/2010/texmf-dist/tex/latex/oberdiek/grfext.sty
Package: grfext 2010/08/19 v1.1 Managing graphics extensions (HO)

(/usr/local/texlive/2010/texmf-dist/tex/generic/oberdiek/kvdefinekeys.sty
Package: kvdefinekeys 2011/04/07 v1.3 Defining keys (HO)
))
(/usr/local/texlive/2010/texmf-dist/tex/latex/oberdiek/kvoptions.sty
Package: kvoptions 2010/12/23 v3.10 Keyval support for LaTeX options (HO)

(/usr/local/texlive/2010/texmf-dist/tex/generic/oberdiek/kvsetkeys.sty
Package: kvsetkeys 2011/04/07 v1.13 Key value parser (HO)

(/usr/local/texlive/2010/texmf-dist/tex/generic/oberdiek/etexcmds.sty
Package: etexcmds 2011/02/16 v1.5 Prefix for e-TeX command names (HO)
Package etexcmds Info: Could not find \expanded.
(etexcmds)             That can mean that you are not using pdfTeX 1.50 or
(etexcmds)             that some package has redefined \expanded.
(etexcmds)             In the latter case, load this package earlier.
)))
Package grfext Info: Graphics extension search list:
(grfext)             [.png,.pdf,.jpg,.mps,.jpeg,.jbig2,.jb2,.PNG,.PDF,.JPG,.JPE
G,.JBIG2,.JB2,.eps]
(grfext)             \AppendGraphicsExtensions on input line 452.

(/usr/local/texlive/2010/texmf-dist/tex/latex/latexconfig/epstopdf-sys.cfg
File: epstopdf-sys.cfg 2010/07/13 v1.3 Configuration of (r)epstopdf for TeX Liv
e
))
Package caption Info: Begin \AtBeginDocument code.
Package caption3 Info: subfig package 1.2 or 1.3 is loaded.
LaTeX Info: Redefining \subref on input line 8.
Package caption Info: End \AtBeginDocument code.

(./Abstract.tex) [1


{/usr/local/texlive/2010/texmf-var/fonts/map/pdftex/updmap/pdftex.map}] [1

]
LaTeX Font Info:    Try loading font information for OMS+cmr on input line 21.
 (/usr/local/texlive/2010/texmf-dist/tex/latex/base/omscmr.fd
File: omscmr.fd 1999/05/25 v2.5h Standard LaTeX font definitions
)
LaTeX Font Info:    Font shape `OMS/cmr/m/n' in size <12> not available
(Font)              Font shape `OMS/cmsy/m/n' tried instead on input line 21.

[2] (./JDFdissertation.toc [3


])
\tf@toc=\write3
\openout3 = `JDFdissertation.toc'.

 [4] (./JDFdissertation.lof [5

] [6] [7] [8]
[9] [10] [11] [12] [13]
Overfull \hbox (13.16989pt too wide) in paragraph at lines 42--42
 [][] []\OT1/cmr/m/it/12 Rhombic do-dec-a-he-dra formed by cap-il-lary in-duced
 com-pres-sion of toluene- 
 []


Overfull \hbox (0.68379pt too wide) in paragraph at lines 54--54
 [][] []\OT1/cmr/m/it/12 High-magnification SEM im-age of dumb-bells. \OT1/cmr/
m/n/12 High-magnification SEM 
 []

)
\tf@lof=\write4
\openout4 = `JDFdissertation.lof'.

 [14] (./Acknowledgements.tex [15

] [16]) [17]
Chapter 1.
(./Introduction.tex [1


] [2] [3]) [4]
Chapter 2.
(./IsotropicChapter.tex [5

]
<figures/BraggWithRealCrystal.pdf, id=84, 1027.84pt x 770.88pt>
File: figures/BraggWithRealCrystal.pdf Graphic file (type pdf)

<use figures/BraggWithRealCrystal.pdf>
Package pdftex.def Info: figures/BraggWithRealCrystal.pdf used on input line 29
.
(pdftex.def)             Requested size: 387.003pt x 290.25555pt.
 [6] [7 <./figures/BraggWithRealCrystal.pdf>] <figures/SialiaPic.pdf, id=166, 6
95.59875pt x 357.335pt>
File: figures/SialiaPic.pdf Graphic file (type pdf)

<use figures/SialiaPic.pdf>
Package pdftex.def Info: figures/SialiaPic.pdf used on input line 56.
(pdftex.def)             Requested size: 387.003pt x 198.80309pt.

<figures/CotingaPic.pdf, id=167, 487.8225pt x 251.94125pt>
File: figures/CotingaPic.pdf Graphic file (type pdf)

<use figures/CotingaPic.pdf>
Package pdftex.def Info: figures/CotingaPic.pdf used on input line 68.
(pdftex.def)             Requested size: 387.003pt x 199.8733pt.

<figures/cmaynanaOpticalSpectra.pdf, id=168, 795.97375pt x 460.72125pt>
File: figures/cmaynanaOpticalSpectra.pdf Graphic file (type pdf)

<use figures/cmaynanaOpticalSpectra.pdf>
Package pdftex.def Info: figures/cmaynanaOpticalSpectra.pdf used on input line 
79.
(pdftex.def)             Requested size: 361.34999pt x 209.15045pt.
 [8] [9 <./figures/SialiaPic.pdf> <./figures/CotingaPic.pdf>]
<figures/B36TEOSBurnedOut.pdf, id=196, 686.08322pt x 514.39235pt>
File: figures/B36TEOSBurnedOut.pdf Graphic file (type pdf)

<use figures/B36TEOSBurnedOut.pdf>
Package pdftex.def Info: figures/B36TEOSBurnedOut.pdf used on input line 100.
(pdftex.def)             Requested size: 216.81pt x 162.55247pt.

<figures/B36InvertedSAXS.pdf, id=197, 239.72592pt x 245.52567pt>
File: figures/B36InvertedSAXS.pdf Graphic file (type pdf)

<use figures/B36InvertedSAXS.pdf>
Package pdftex.def Info: figures/B36InvertedSAXS.pdf used on input line 102.
(pdftex.def)             Requested size: 162.6075pt x 166.54312pt.

<figures/cmaynanaTEM.pdf, id=198, 143.10846pt x 142.78615pt>
File: figures/cmaynanaTEM.pdf Graphic file (type pdf)

<use figures/cmaynanaTEM.pdf>
Package pdftex.def Info: figures/cmaynanaTEM.pdf used on input line 110.
(pdftex.def)             Requested size: 180.67499pt x 180.28404pt.

<figures/cmaynanaSAXS.pdf, id=199, 144.72008pt x 144.07547pt>
File: figures/cmaynanaSAXS.pdf Graphic file (type pdf)

<use figures/cmaynanaSAXS.pdf>
Package pdftex.def Info: figures/cmaynanaSAXS.pdf used on input line 112.
(pdftex.def)             Requested size: 180.67499pt x 179.86963pt.
 [10 <./figures/cmaynanaOpticalSpectra.pdf>]
[11 <./figures/B36TEOSBurnedOut.pdf> <./figures/B36InvertedSAXS.pdf> <./figures
/cmaynanaTEM.pdf> <./figures/cmaynanaSAXS.pdf>]
<figures/cmaynanacombined.pdf, id=255, 740.7675pt x 718.685pt>
File: figures/cmaynanacombined.pdf Graphic file (type pdf)

<use figures/cmaynanacombined.pdf>
Package pdftex.def Info: figures/cmaynanacombined.pdf used on input line 136.
(pdftex.def)             Requested size: 289.07999pt x 280.46147pt.
 [12] [13 <./figures/cmaynanacombined.pdf>]
Overfull \hbox (31.60551pt too wide) in paragraph at lines 157--157
[]\OT1/cmr/bx/n/17.28 Self-Assembly of an Isotropic Struc-ture of Spheres 
 []

[14] <figures/transmission_100128.pdf, id=276, 537.00626pt x 554.07pt>
File: figures/transmission_100128.pdf Graphic file (type pdf)

<use figures/transmission_100128.pdf>
Package pdftex.def Info: figures/transmission_100128.pdf used on input line 169
.
(pdftex.def)             Requested size: 387.003pt x 399.3021pt.
 [15] [16 <./figures/transmission_100128.pdf>] [17] [18] <figures/structure_100
128.pdf, id=327, 512.91624pt x 264.99pt>
File: figures/structure_100128.pdf Graphic file (type pdf)

<use figures/structure_100128.pdf>
Package pdftex.def Info: figures/structure_100128.pdf used on input line 233.
(pdftex.def)             Requested size: 387.003pt x 199.93886pt.
 [19]
Overfull \hbox (0.8175pt too wide) in paragraph at lines 248--248
[]\OT1/cmr/bx/n/17.28 Suppression of Mul-ti-ple Scat-ter-ing by Ab-sorp-
 []

[20 <./figures/structure_100128.pdf>]
<figures/carbonblack_100128.pdf, id=351, 555.07375pt x 552.0625pt>
File: figures/carbonblack_100128.pdf Graphic file (type pdf)

<use figures/carbonblack_100128.pdf>
Package pdftex.def Info: figures/carbonblack_100128.pdf used on input line 267.

(pdftex.def)             Requested size: 387.003pt x 384.90797pt.
 [21] [22 <./figures/carbonblack_100128.pdf>] <figures/carbonblackextinctionlen
gth.pdf, id=373, 622.325pt x 518.93875pt>
File: figures/carbonblackextinctionlength.pdf Graphic file (type pdf)

<use figures/carbonblackextinctionlength.pdf>
Package pdftex.def Info: figures/carbonblackextinctionlength.pdf used on input 
line 295.
(pdftex.def)             Requested size: 387.003pt x 322.71266pt.

Overfull \hbox (4.80449pt too wide) in paragraph at lines 318--324
\OT1/cmr/m/n/12 but, un-der di-rec-tional il-lu-mi-na-tion, the peak wave-lengt
h scat-tered does change slightly
 []

[23] [24 <./figures/carbonblackextinctionlength.pdf>]
<figures/qseries_100128.pdf, id=389, 531.9875pt x 527.9725pt>
File: figures/qseries_100128.pdf Graphic file (type pdf)

<use figures/qseries_100128.pdf>
Package pdftex.def Info: figures/qseries_100128.pdf used on input line 328.
(pdftex.def)             Requested size: 387.003pt x 384.08745pt.

<figures/birdcomparison_100128.pdf, id=390, 531.9875pt x 511.9125pt>
File: figures/birdcomparison_100128.pdf Graphic file (type pdf)

<use figures/birdcomparison_100128.pdf>
Package pdftex.def Info: figures/birdcomparison_100128.pdf used on input line 3
48.
(pdftex.def)             Requested size: 387.003pt x 372.40417pt.
) [25] [26 <./figures/qseries_100128.pdf>] [27 <./figures/birdcomparison_100128
.pdf>]
Chapter 3.
(./DumbbellChapter.tex [28

]
Overfull \hbox (9.3295pt too wide) in paragraph at lines 19--19
[]\OT1/cmr/bx/n/17.28 Dumbbells Crys-tal-lize Only Un-der Strong Con-
 []

<figures/CFigure1.pdf, id=438, 271.0125pt x 363.3575pt>
File: figures/CFigure1.pdf Graphic file (type pdf)

<use figures/CFigure1.pdf>
Package pdftex.def Info: figures/CFigure1.pdf used on input line 23.
(pdftex.def)             Requested size: 387.003pt x 518.89313pt.
 [29] [30 <./figures/CFigure1.pdf>] [31]
<figures/CsuppFigure1.pdf, id=463, 996.72375pt x 272.01625pt>
File: figures/CsuppFigure1.pdf Graphic file (type pdf)

<use figures/CsuppFigure1.pdf>
Package pdftex.def Info: figures/CsuppFigure1.pdf used on input line 57.
(pdftex.def)             Requested size: 430.00627pt x 117.35071pt.

<figures/CFigure2.pdf, id=464, 502.87875pt x 198.7425pt>
File: figures/CFigure2.pdf Graphic file (type pdf)

<use figures/CFigure2.pdf>
Package pdftex.def Info: figures/CFigure2.pdf used on input line 65.
(pdftex.def)             Requested size: 430.00627pt x 169.94176pt.

<figures/CsuppFigure2.pdf, id=465, 562.1pt x 345.29pt>
File: figures/CsuppFigure2.pdf Graphic file (type pdf)

<use figures/CsuppFigure2.pdf>
Package pdftex.def Info: figures/CsuppFigure2.pdf used on input line 74.
(pdftex.def)             Requested size: 430.00627pt x 264.14597pt.

<figures/CFigure3.pdf, id=466, 678.535pt x 489.83pt>
File: figures/CFigure3.pdf Graphic file (type pdf)

<use figures/CFigure3.pdf>
Package pdftex.def Info: figures/CFigure3.pdf used on input line 86.
(pdftex.def)             Requested size: 430.00627pt x 310.41823pt.

<figures/CsuppFigure3.pdf, id=467, 300.12125pt x 385.44pt>
File: figures/CsuppFigure3.pdf Graphic file (type pdf)

<use figures/CsuppFigure3.pdf>
Package pdftex.def Info: figures/CsuppFigure3.pdf used on input line 96.
(pdftex.def)             Requested size: 430.00627pt x 552.29248pt.

<figures/CsuppFigure4.pdf, id=468, 251.94125pt x 386.44376pt>
File: figures/CsuppFigure4.pdf Graphic file (type pdf)

<use figures/CsuppFigure4.pdf>
Package pdftex.def Info: figures/CsuppFigure4.pdf used on input line 104.
(pdftex.def)             Requested size: 344.00632pt x 527.66165pt.

<figures/CsuppFigure5.pdf, id=469, 235.88126pt x 189.70876pt>
File: figures/CsuppFigure5.pdf Graphic file (type pdf)

<use figures/CsuppFigure5.pdf>
Package pdftex.def Info: figures/CsuppFigure5.pdf used on input line 112.
(pdftex.def)             Requested size: 430.00627pt x 345.84071pt.

<figures/CsuppFigure6.pdf, id=470, 241.90375pt x 194.7275pt>
File: figures/CsuppFigure6.pdf Graphic file (type pdf)

<use figures/CsuppFigure6.pdf>
Package pdftex.def Info: figures/CsuppFigure6.pdf used on input line 119.
(pdftex.def)             Requested size: 430.00627pt x 346.18596pt.
 [32 <./figures/CsuppFigure1.pdf>] [33 <./figures/CFigure2.pdf> <./figures/Csup
pFigure2.pdf>] [34 <./figures/CFigure3.pdf>]
[35 <./figures/CsuppFigure3.pdf>] [36 <./figures/CsuppFigure4.pdf>] [37 <./figu
res/CsuppFigure5.pdf>] [38 <./figures/CsuppFigure6.pdf>]
<figures/CsuppFigure7.pdf, id=602, 794.97pt x 614.295pt>
File: figures/CsuppFigure7.pdf Graphic file (type pdf)

<use figures/CsuppFigure7.pdf>
Package pdftex.def Info: figures/CsuppFigure7.pdf used on input line 142.
(pdftex.def)             Requested size: 430.00627pt x 332.28613pt.
 [39] [40 <./figures/CsuppFigure7.pdf>]
<figures/CsuppFigure8.pdf, id=622, 407.5225pt x 323.2075pt>
File: figures/CsuppFigure8.pdf Graphic file (type pdf)

<use figures/CsuppFigure8.pdf>
Package pdftex.def Info: figures/CsuppFigure8.pdf used on input line 160.
(pdftex.def)             Requested size: 430.00627pt x 341.05469pt.
 [41 <./figures/CsuppFigure8.pdf>] [42]
<figures/CFigure4.pdf, id=641, 422.57875pt x 318.18875pt>
File: figures/CFigure4.pdf Graphic file (type pdf)

<use figures/CFigure4.pdf>
Package pdftex.def Info: figures/CFigure4.pdf used on input line 188.
(pdftex.def)             Requested size: 430.00627pt x 323.7908pt.
 [43] [44 <./figures/CFigure4.pdf>]
<figures/CsuppFigure9.pdf, id=664, 989.6975pt x 393.47pt>
File: figures/CsuppFigure9.pdf Graphic file (type pdf)

<use figures/CsuppFigure9.pdf>
Package pdftex.def Info: figures/CsuppFigure9.pdf used on input line 209.
(pdftex.def)             Requested size: 430.00627pt x 170.95393pt.
 [45]
<figures/CFigure5.pdf, id=668, 753.81625pt x 257.96375pt>
File: figures/CFigure5.pdf Graphic file (type pdf)

<use figures/CFigure5.pdf>
Package pdftex.def Info: figures/CFigure5.pdf used on input line 227.
(pdftex.def)             Requested size: 430.00627pt x 147.15106pt.

<figures/CsuppFigure10.pdf, id=669, 520.94624pt x 214.8025pt>
File: figures/CsuppFigure10.pdf Graphic file (type pdf)

<use figures/CsuppFigure10.pdf>
Package pdftex.def Info: figures/CsuppFigure10.pdf used on input line 235.
(pdftex.def)             Requested size: 430.00627pt x 177.30602pt.
) [46 <./figures/CsuppFigure9.pdf>] [47 <./figures/CFigure5.pdf> <./figures/Csu
ppFigure10.pdf>] [48]
Chapter 4.
(./Conclusions.tex [49

]
<figures/B30Original3125.pdf, id=750, 686.08322pt x 514.39235pt>
File: figures/B30Original3125.pdf Graphic file (type pdf)

<use figures/B30Original3125.pdf>
Package pdftex.def Info: figures/B30Original3125.pdf used on input line 30.
(pdftex.def)             Requested size: 198.7425pt x 149.00513pt.

<figures/B30InverseCrack2000.pdf, id=751, 686.08322pt x 514.39235pt>
File: figures/B30InverseCrack2000.pdf Graphic file (type pdf)

<use figures/B30InverseCrack2000.pdf>
Package pdftex.def Info: figures/B30InverseCrack2000.pdf used on input line 35.

(pdftex.def)             Requested size: 198.7425pt x 149.00513pt.
 [50]
<figures/B30FilledNew12500.pdf, id=755, 686.08322pt x 514.39235pt>
File: figures/B30FilledNew12500.pdf Graphic file (type pdf)

<use figures/B30FilledNew12500.pdf>
Package pdftex.def Info: figures/B30FilledNew12500.pdf used on input line 43.
(pdftex.def)             Requested size: 198.7425pt x 149.00513pt.

<figures/B30InverseNew12500.pdf, id=756, 686.08322pt x 514.39235pt>
File: figures/B30InverseNew12500.pdf Graphic file (type pdf)

<use figures/B30InverseNew12500.pdf>
Package pdftex.def Info: figures/B30InverseNew12500.pdf used on input line 47.
(pdftex.def)             Requested size: 198.7425pt x 149.00513pt.

Underfull \hbox (badness 2951) in paragraph at lines 47--47
[]\OT1/cmr/m/n/10 (b) |SEM im-age of the in-verse struc-ture
 []

<figures/B30InverseNew3125.pdf, id=757, 686.08322pt x 514.39235pt>
File: figures/B30InverseNew3125.pdf Graphic file (type pdf)

<use figures/B30InverseNew3125.pdf>
Package pdftex.def Info: figures/B30InverseNew3125.pdf used on input line 50.
(pdftex.def)             Requested size: 289.07999pt x 216.74187pt.
 [51 <./figures/B30Original3125.pdf> <./figures/B30InverseCrack2000.pdf>] [52 <
./figures/B30FilledNew12500.pdf> <./figures/B30InverseNew12500.pdf> <./figures/
B30InverseNew3125.pdf>] [53]
<figures/dumbbellinterface1.pdf, id=808, 499.31566pt x 287.50684pt>
File: figures/dumbbellinterface1.pdf Graphic file (type pdf)

<use figures/dumbbellinterface1.pdf>
Package pdftex.def Info: figures/dumbbellinterface1.pdf used on input line 96.
(pdftex.def)             Requested size: 430.00627pt x 247.59761pt.
 [54] [55 <./figures/dumbbellinterface1.pdf>] <figures/IMG_0911_reduced.pdf, id
=863, 2746.26pt x 3661.68pt>
File: figures/IMG_0911_reduced.pdf Graphic file (type pdf)

<use figures/IMG_0911_reduced.pdf>
Package pdftex.def Info: figures/IMG_0911_reduced.pdf used on input line 113.
(pdftex.def)             Requested size: 90.3375pt x 120.4056pt.

<figures/IMG_0912_reduced.pdf, id=864, 2746.26pt x 3661.68pt>
File: figures/IMG_0912_reduced.pdf Graphic file (type pdf)

<use figures/IMG_0912_reduced.pdf>
Package pdftex.def Info: figures/IMG_0912_reduced.pdf used on input line 115.
(pdftex.def)             Requested size: 90.3375pt x 120.4056pt.

<figures/IMG_0913_reduced.pdf, id=865, 2746.26pt x 3661.68pt>
File: figures/IMG_0913_reduced.pdf Graphic file (type pdf)

<use figures/IMG_0913_reduced.pdf>
Package pdftex.def Info: figures/IMG_0913_reduced.pdf used on input line 117.
(pdftex.def)             Requested size: 90.3375pt x 120.4056pt.

<figures/IMG_0914_reduced.pdf, id=866, 2746.26pt x 3661.68pt>
File: figures/IMG_0914_reduced.pdf Graphic file (type pdf)

<use figures/IMG_0914_reduced.pdf>
Package pdftex.def Info: figures/IMG_0914_reduced.pdf used on input line 119.
(pdftex.def)             Requested size: 90.3375pt x 120.4056pt.
 [56 <./figures/IMG_0911_reduced.pdf> <./figures/IMG_0912_reduced.pdf> <./figur
es/IMG_0913_reduced.pdf> <./figures/IMG_0914_reduced.pdf>] [57]
<figures/B31_18_polygons.pdf, id=913, 361.35pt x 271.0125pt>
File: figures/B31_18_polygons.pdf Graphic file (type pdf)

<use figures/B31_18_polygons.pdf>
Package pdftex.def Info: figures/B31_18_polygons.pdf used on input line 150.
(pdftex.def)             Requested size: 387.003pt x 290.25343pt.
) [58 <./figures/B31_18_polygons.pdf>]
Appendix A.
(./Synthesis.tex
<figures/synthesisScheme.pdf, id=927, 1180.41pt x 270.00874pt>
File: figures/synthesisScheme.pdf Graphic file (type pdf)

<use figures/synthesisScheme.pdf>
Package pdftex.def Info: figures/synthesisScheme.pdf used on input line 3.
(pdftex.def)             Requested size: 430.00627pt x 98.35666pt.
 [59

 <./figures/synthesisScheme.pdf>] [60]
<figures/PSSphereRecipe.pdf, id=944, 1181.41376pt x 360.34625pt>
File: figures/PSSphereRecipe.pdf Graphic file (type pdf)

<use figures/PSSphereRecipe.pdf>
Package pdftex.def Info: figures/PSSphereRecipe.pdf used on input line 50.
(pdftex.def)             Requested size: 430.00627pt x 131.15414pt.

Overfull \hbox (7.83325pt too wide) in paragraph at lines 50--50
 [][] 
 []

<figures/Batch46SEM.pdf, id=945, 361.35pt x 271.0125pt>
File: figures/Batch46SEM.pdf Graphic file (type pdf)

<use figures/Batch46SEM.pdf>
Package pdftex.def Info: figures/Batch46SEM.pdf used on input line 54.
(pdftex.def)             Requested size: 430.00627pt x 322.50887pt.

Overfull \hbox (7.83325pt too wide) in paragraph at lines 54--55
 [][] 
 []

[61] [62 <./figures/PSSphereRecipe.pdf> <./figures/Batch46SEM.pdf>]
<figures/CoreShellSphereRecipe.pdf, id=974, 1236.62pt x 499.8675pt>
File: figures/CoreShellSphereRecipe.pdf Graphic file (type pdf)

<use figures/CoreShellSphereRecipe.pdf>
Package pdftex.def Info: figures/CoreShellSphereRecipe.pdf used on input line 8
7.
(pdftex.def)             Requested size: 430.00627pt x 173.81976pt.

Overfull \hbox (7.83325pt too wide) in paragraph at lines 87--87
 [][] 
 []

<figures/CS018.pdf, id=975, 361.35pt x 271.0125pt>
File: figures/CS018.pdf Graphic file (type pdf)
 <use figures/CS018.pdf>
Package pdftex.def Info: figures/CS018.pdf used on input line 91.
(pdftex.def)             Requested size: 430.00627pt x 322.50887pt.

Overfull \hbox (7.83325pt too wide) in paragraph at lines 91--92
 [][] 
 []

[63] [64 <./figures/CoreShellSphereRecipe.pdf> <./figures/CS018.pdf>] [65]
<figures/DumbbellRecipe.pdf, id=1005, 1257.69875pt x 649.42625pt>
File: figures/DumbbellRecipe.pdf Graphic file (type pdf)

<use figures/DumbbellRecipe.pdf>
Package pdftex.def Info: figures/DumbbellRecipe.pdf used on input line 131.
(pdftex.def)             Requested size: 430.00627pt x 222.03078pt.

Overfull \hbox (7.83325pt too wide) in paragraph at lines 131--131
 [][] 
 []

<figures/jDB09SEM.pdf, id=1006, 361.35pt x 271.0125pt>
File: figures/jDB09SEM.pdf Graphic file (type pdf)

<use figures/jDB09SEM.pdf>
Package pdftex.def Info: figures/jDB09SEM.pdf used on input line 135.
(pdftex.def)             Requested size: 430.00627pt x 322.50887pt.

Overfull \hbox (7.83325pt too wide) in paragraph at lines 135--136
 [][] 
 []

<figures/jDB09SEMDetail.pdf, id=1007, 361.35pt x 271.0125pt>
File: figures/jDB09SEMDetail.pdf Graphic file (type pdf)

<use figures/jDB09SEMDetail.pdf>
Package pdftex.def Info: figures/jDB09SEMDetail.pdf used on input line 141.
(pdftex.def)             Requested size: 430.00627pt x 322.50887pt.
) (./JDFdissertation.bbl [66] [67 <./figures/DumbbellRecipe.pdf> <./figures/jDB
09SEM.pdf>] [68 <./figures/jDB09SEMDetail.pdf>] [69

] [70] [71] [72] [73] [74]
Missing character: There is no â in font cmr12!
Missing character: There is no € in font cmr12!
Missing character: There is no   in font cmr12!
 [75] [76]) [77] (./JDFdissertation.aux) ) 
Here is how much of TeX's memory you used:
 3643 strings out of 493763
 58303 string characters out of 3144954
 122076 words of memory out of 3000000
 6835 multiletter control sequences out of 15000+200000
 10274 words of font info for 37 fonts, out of 3000000 for 9000
 715 hyphenation exceptions out of 8191
 44i,9n,45p,1137b,360s stack positions out of 5000i,500n,10000p,200000b,50000s
</usr/local/texlive/2010/texmf-dist/f
onts/type1/public/amsfonts/cm/cmbx12.pfb></usr/local/texlive/2010/texmf-dist/fo
nts/type1/public/amsfonts/cm/cmex10.pfb></usr/local/texlive/2010/texmf-dist/fon
ts/type1/public/amsfonts/cm/cmmi10.pfb></usr/local/texlive/2010/texmf-dist/font
s/type1/public/amsfonts/cm/cmmi12.pfb></usr/local/texlive/2010/texmf-dist/fonts
/type1/public/amsfonts/cm/cmmi7.pfb></usr/local/texlive/2010/texmf-dist/fonts/t
ype1/public/amsfonts/cm/cmmi8.pfb></usr/local/texlive/2010/texmf-dist/fonts/typ
e1/public/amsfonts/cm/cmr10.pfb></usr/local/texlive/2010/texmf-dist/fonts/type1
/public/amsfonts/cm/cmr12.pfb></usr/local/texlive/2010/texmf-dist/fonts/type1/p
ublic/amsfonts/cm/cmr7.pfb></usr/local/texlive/2010/texmf-dist/fonts/type1/publ
ic/amsfonts/cm/cmr8.pfb></usr/local/texlive/2010/texmf-dist/fonts/type1/public/
amsfonts/cm/cmss10.pfb></usr/local/texlive/2010/texmf-dist/fonts/type1/public/a
msfonts/cm/cmsy10.pfb></usr/local/texlive/2010/texmf-dist/fonts/type1/public/am
sfonts/cm/cmsy7.pfb></usr/local/texlive/2010/texmf-dist/fonts/type1/public/amsf
onts/cm/cmsy8.pfb></usr/local/texlive/2010/texmf-dist/fonts/type1/public/amsfon
ts/cm/cmti10.pfb></usr/local/texlive/2010/texmf-dist/fonts/type1/public/amsfont
s/cm/cmti12.pfb>
Output written on JDFdissertation.pdf (95 pages, 9232162 bytes).
PDF statistics:
 1119 PDF objects out of 1200 (max. 8388607)
 744 compressed objects within 8 object streams
 0 named destinations out of 1000 (max. 500000)
 246 words of extra memory for PDF output out of 10000 (max. 10000000)

